<?xml version="1.0" encoding="UTF-8"?>
<!-- Generated by org.testng.reporters.JUnitXMLReporter -->
<testsuite ignored="0" hostname="DESKTOP-MTSPVRR" failures="0" tests="11" name="Surefire test" time="107.856" errors="0" timestamp="2022-10-31T19:12:36 EDT">
  <testcase classname="com.crm.qa.testcases.ContactsPageTest" name="verifyContactsPageLabel" time="2.052"/>
  <testcase classname="com.crm.qa.testcases.ContactsPageTest" name="ValidateCreateNewContact" time="0.791"/>
  <testcase classname="com.crm.qa.testcases.ContactsPageTest" name="ValidateCreateNewContact" time="0.85"/>
  <testcase classname="com.crm.qa.testcases.ContactsPageTest" name="ValidateCreateNewContact" time="0.842"/>
  <testcase classname="com.crm.qa.testcases.ContactsPageTest" name="ValidateCreateNewContact" time="0.884"/>
  <testcase classname="com.crm.qa.testcases.HomePageTest" name="verifyHomePageTitle" time="3.01"/>
  <testcase classname="com.crm.qa.testcases.HomePageTest" name="verifyUserNameTest" time="3.037"/>
  <testcase classname="com.crm.qa.testcases.HomePageTest" name="verifyContactsLinkTest" time="5.1"/>
  <testcase classname="com.crm.qa.testcases.LoginPageTest" name="crmLogoImageTest" time="0.032"/>
  <testcase classname="com.crm.qa.testcases.LoginPageTest" name="loginPageTitleTest" time="4.384"/>
  <testcase classname="com.crm.qa.testcases.LoginPageTest" name="LoginTest" time="4.807"/>
</testsuite> <!-- Surefire test -->
