<?xml version="1.0" encoding="UTF-8"?>
<testng-results ignored="0" total="11" passed="11" failed="0" skipped="0">
  <reporter-output>
  </reporter-output>
  <suite started-at="2022-10-31T19:10:48 EDT" name="Surefire suite" finished-at="2022-10-31T19:12:36 EDT" duration-ms="107856">
    <groups>
    </groups>
    <test started-at="2022-10-31T19:10:48 EDT" name="Surefire test" finished-at="2022-10-31T19:12:36 EDT" duration-ms="107856">
      <class name="com.crm.qa.testcases.HomePageTest">
        <test-method is-config="true" signature="setUp()[pri:0, instance:com.crm.qa.testcases.HomePageTest@327b636c]" started-at="2022-10-31T19:11:52 EDT" name="setUp" finished-at="2022-10-31T19:11:58 EDT" duration-ms="6051" status="PASS">
          <reporter-output>
          </reporter-output>
        </test-method> <!-- setUp -->
        <test-method signature="verifyHomePageTitle()[pri:1, instance:com.crm.qa.testcases.HomePageTest@327b636c]" started-at="2022-10-31T19:11:58 EDT" name="verifyHomePageTitle" finished-at="2022-10-31T19:12:01 EDT" duration-ms="3010" status="PASS">
          <reporter-output>
          </reporter-output>
        </test-method> <!-- verifyHomePageTitle -->
        <test-method is-config="true" signature="tearDown()[pri:0, instance:com.crm.qa.testcases.HomePageTest@327b636c]" started-at="2022-10-31T19:12:01 EDT" name="tearDown" finished-at="2022-10-31T19:12:01 EDT" duration-ms="87" status="PASS">
          <reporter-output>
          </reporter-output>
        </test-method> <!-- tearDown -->
        <test-method is-config="true" signature="setUp()[pri:0, instance:com.crm.qa.testcases.HomePageTest@327b636c]" started-at="2022-10-31T19:12:01 EDT" name="setUp" finished-at="2022-10-31T19:12:07 EDT" duration-ms="6334" status="PASS">
          <reporter-output>
          </reporter-output>
        </test-method> <!-- setUp -->
        <test-method signature="verifyUserNameTest()[pri:2, instance:com.crm.qa.testcases.HomePageTest@327b636c]" started-at="2022-10-31T19:12:07 EDT" name="verifyUserNameTest" finished-at="2022-10-31T19:12:10 EDT" duration-ms="3037" status="PASS">
          <reporter-output>
          </reporter-output>
        </test-method> <!-- verifyUserNameTest -->
        <test-method is-config="true" signature="tearDown()[pri:0, instance:com.crm.qa.testcases.HomePageTest@327b636c]" started-at="2022-10-31T19:12:10 EDT" name="tearDown" finished-at="2022-10-31T19:12:10 EDT" duration-ms="82" status="PASS">
          <reporter-output>
          </reporter-output>
        </test-method> <!-- tearDown -->
        <test-method is-config="true" signature="setUp()[pri:0, instance:com.crm.qa.testcases.HomePageTest@327b636c]" started-at="2022-10-31T19:12:10 EDT" name="setUp" finished-at="2022-10-31T19:12:17 EDT" duration-ms="6158" status="PASS">
          <reporter-output>
          </reporter-output>
        </test-method> <!-- setUp -->
        <test-method signature="verifyContactsLinkTest()[pri:3, instance:com.crm.qa.testcases.HomePageTest@327b636c]" started-at="2022-10-31T19:12:17 EDT" name="verifyContactsLinkTest" finished-at="2022-10-31T19:12:22 EDT" duration-ms="5100" status="PASS">
          <reporter-output>
          </reporter-output>
        </test-method> <!-- verifyContactsLinkTest -->
        <test-method is-config="true" signature="tearDown()[pri:0, instance:com.crm.qa.testcases.HomePageTest@327b636c]" started-at="2022-10-31T19:12:22 EDT" name="tearDown" finished-at="2022-10-31T19:12:22 EDT" duration-ms="92" status="PASS">
          <reporter-output>
          </reporter-output>
        </test-method> <!-- tearDown -->
      </class> <!-- com.crm.qa.testcases.HomePageTest -->
      <class name="com.crm.qa.testcases.ContactsPageTest">
        <test-method is-config="true" signature="setUp()[pri:0, instance:com.crm.qa.testcases.ContactsPageTest@25a65b77]" started-at="2022-10-31T19:10:48 EDT" name="setUp" finished-at="2022-10-31T19:11:00 EDT" duration-ms="11768" status="PASS">
          <reporter-output>
          </reporter-output>
        </test-method> <!-- setUp -->
        <test-method signature="verifyContactsPageLabel()[pri:1, instance:com.crm.qa.testcases.ContactsPageTest@25a65b77]" started-at="2022-10-31T19:11:00 EDT" name="verifyContactsPageLabel" finished-at="2022-10-31T19:11:02 EDT" duration-ms="2052" status="PASS">
          <reporter-output>
          </reporter-output>
        </test-method> <!-- verifyContactsPageLabel -->
        <test-method is-config="true" signature="tearDown()[pri:0, instance:com.crm.qa.testcases.ContactsPageTest@25a65b77]" started-at="2022-10-31T19:11:02 EDT" name="tearDown" finished-at="2022-10-31T19:11:02 EDT" duration-ms="97" status="PASS">
          <reporter-output>
          </reporter-output>
        </test-method> <!-- tearDown -->
        <test-method is-config="true" signature="setUp()[pri:0, instance:com.crm.qa.testcases.ContactsPageTest@25a65b77]" started-at="2022-10-31T19:11:02 EDT" name="setUp" finished-at="2022-10-31T19:11:14 EDT" duration-ms="11350" status="PASS">
          <reporter-output>
          </reporter-output>
        </test-method> <!-- setUp -->
        <test-method signature="ValidateCreateNewContact(java.lang.String,java.lang.String)[pri:2, instance:com.crm.qa.testcases.ContactsPageTest@25a65b77]" started-at="2022-10-31T19:11:14 EDT" name="ValidateCreateNewContact" data-provider="getCRMTestData" finished-at="2022-10-31T19:11:15 EDT" duration-ms="791" status="PASS">
          <params>
            <param index="0">
              <value>
                <![CDATA[tom]]>
              </value>
            </param>
            <param index="1">
              <value>
                <![CDATA[smith]]>
              </value>
            </param>
          </params>
          <reporter-output>
          </reporter-output>
        </test-method> <!-- ValidateCreateNewContact -->
        <test-method is-config="true" signature="tearDown()[pri:0, instance:com.crm.qa.testcases.ContactsPageTest@25a65b77]" started-at="2022-10-31T19:11:15 EDT" name="tearDown" finished-at="2022-10-31T19:11:15 EDT" duration-ms="99" status="PASS">
          <reporter-output>
          </reporter-output>
        </test-method> <!-- tearDown -->
        <test-method is-config="true" signature="setUp()[pri:0, instance:com.crm.qa.testcases.ContactsPageTest@25a65b77]" started-at="2022-10-31T19:11:15 EDT" name="setUp" finished-at="2022-10-31T19:11:26 EDT" duration-ms="11364" status="PASS">
          <reporter-output>
          </reporter-output>
        </test-method> <!-- setUp -->
        <test-method signature="ValidateCreateNewContact(java.lang.String,java.lang.String)[pri:2, instance:com.crm.qa.testcases.ContactsPageTest@25a65b77]" started-at="2022-10-31T19:11:26 EDT" name="ValidateCreateNewContact" data-provider="getCRMTestData" finished-at="2022-10-31T19:11:27 EDT" duration-ms="850" status="PASS">
          <params>
            <param index="0">
              <value>
                <![CDATA[garry]]>
              </value>
            </param>
            <param index="1">
              <value>
                <![CDATA[hard]]>
              </value>
            </param>
          </params>
          <reporter-output>
          </reporter-output>
        </test-method> <!-- ValidateCreateNewContact -->
        <test-method is-config="true" signature="tearDown()[pri:0, instance:com.crm.qa.testcases.ContactsPageTest@25a65b77]" started-at="2022-10-31T19:11:27 EDT" name="tearDown" finished-at="2022-10-31T19:11:27 EDT" duration-ms="102" status="PASS">
          <reporter-output>
          </reporter-output>
        </test-method> <!-- tearDown -->
        <test-method is-config="true" signature="setUp()[pri:0, instance:com.crm.qa.testcases.ContactsPageTest@25a65b77]" started-at="2022-10-31T19:11:27 EDT" name="setUp" finished-at="2022-10-31T19:11:38 EDT" duration-ms="11465" status="PASS">
          <reporter-output>
          </reporter-output>
        </test-method> <!-- setUp -->
        <test-method signature="ValidateCreateNewContact(java.lang.String,java.lang.String)[pri:2, instance:com.crm.qa.testcases.ContactsPageTest@25a65b77]" started-at="2022-10-31T19:11:38 EDT" name="ValidateCreateNewContact" data-provider="getCRMTestData" finished-at="2022-10-31T19:11:39 EDT" duration-ms="842" status="PASS">
          <params>
            <param index="0">
              <value>
                <![CDATA[david]]>
              </value>
            </param>
            <param index="1">
              <value>
                <![CDATA[reck]]>
              </value>
            </param>
          </params>
          <reporter-output>
          </reporter-output>
        </test-method> <!-- ValidateCreateNewContact -->
        <test-method is-config="true" signature="tearDown()[pri:0, instance:com.crm.qa.testcases.ContactsPageTest@25a65b77]" started-at="2022-10-31T19:11:39 EDT" name="tearDown" finished-at="2022-10-31T19:11:39 EDT" duration-ms="115" status="PASS">
          <reporter-output>
          </reporter-output>
        </test-method> <!-- tearDown -->
        <test-method is-config="true" signature="setUp()[pri:0, instance:com.crm.qa.testcases.ContactsPageTest@25a65b77]" started-at="2022-10-31T19:11:39 EDT" name="setUp" finished-at="2022-10-31T19:11:51 EDT" duration-ms="11465" status="PASS">
          <reporter-output>
          </reporter-output>
        </test-method> <!-- setUp -->
        <test-method signature="ValidateCreateNewContact(java.lang.String,java.lang.String)[pri:2, instance:com.crm.qa.testcases.ContactsPageTest@25a65b77]" started-at="2022-10-31T19:11:51 EDT" name="ValidateCreateNewContact" data-provider="getCRMTestData" finished-at="2022-10-31T19:11:52 EDT" duration-ms="884" status="PASS">
          <params>
            <param index="0">
              <value>
                <![CDATA[carl]]>
              </value>
            </param>
            <param index="1">
              <value>
                <![CDATA[turner]]>
              </value>
            </param>
          </params>
          <reporter-output>
          </reporter-output>
        </test-method> <!-- ValidateCreateNewContact -->
        <test-method is-config="true" signature="tearDown()[pri:0, instance:com.crm.qa.testcases.ContactsPageTest@25a65b77]" started-at="2022-10-31T19:11:52 EDT" name="tearDown" finished-at="2022-10-31T19:11:52 EDT" duration-ms="106" status="PASS">
          <reporter-output>
          </reporter-output>
        </test-method> <!-- tearDown -->
      </class> <!-- com.crm.qa.testcases.ContactsPageTest -->
      <class name="com.crm.qa.testcases.LoginPageTest">
        <test-method is-config="true" signature="setUp()[pri:0, instance:com.crm.qa.testcases.LoginPageTest@45dd4eda]" started-at="2022-10-31T19:12:22 EDT" name="setUp" finished-at="2022-10-31T19:12:23 EDT" duration-ms="1550" status="PASS">
          <reporter-output>
          </reporter-output>
        </test-method> <!-- setUp -->
        <test-method signature="crmLogoImageTest()[pri:1, instance:com.crm.qa.testcases.LoginPageTest@45dd4eda]" started-at="2022-10-31T19:12:23 EDT" name="crmLogoImageTest" finished-at="2022-10-31T19:12:23 EDT" duration-ms="32" status="PASS">
          <reporter-output>
          </reporter-output>
        </test-method> <!-- crmLogoImageTest -->
        <test-method is-config="true" signature="tearDown()[pri:0, instance:com.crm.qa.testcases.LoginPageTest@45dd4eda]" started-at="2022-10-31T19:12:23 EDT" name="tearDown" finished-at="2022-10-31T19:12:23 EDT" duration-ms="68" status="PASS">
          <reporter-output>
          </reporter-output>
        </test-method> <!-- tearDown -->
        <test-method is-config="true" signature="setUp()[pri:0, instance:com.crm.qa.testcases.LoginPageTest@45dd4eda]" started-at="2022-10-31T19:12:23 EDT" name="setUp" finished-at="2022-10-31T19:12:25 EDT" duration-ms="1615" status="PASS">
          <reporter-output>
          </reporter-output>
        </test-method> <!-- setUp -->
        <test-method signature="loginPageTitleTest()[pri:2, instance:com.crm.qa.testcases.LoginPageTest@45dd4eda]" started-at="2022-10-31T19:12:25 EDT" name="loginPageTitleTest" finished-at="2022-10-31T19:12:29 EDT" duration-ms="4384" status="PASS">
          <reporter-output>
          </reporter-output>
        </test-method> <!-- loginPageTitleTest -->
        <test-method is-config="true" signature="tearDown()[pri:0, instance:com.crm.qa.testcases.LoginPageTest@45dd4eda]" started-at="2022-10-31T19:12:29 EDT" name="tearDown" finished-at="2022-10-31T19:12:30 EDT" duration-ms="101" status="PASS">
          <reporter-output>
          </reporter-output>
        </test-method> <!-- tearDown -->
        <test-method is-config="true" signature="setUp()[pri:0, instance:com.crm.qa.testcases.LoginPageTest@45dd4eda]" started-at="2022-10-31T19:12:30 EDT" name="setUp" finished-at="2022-10-31T19:12:31 EDT" duration-ms="1551" status="PASS">
          <reporter-output>
          </reporter-output>
        </test-method> <!-- setUp -->
        <test-method signature="LoginTest()[pri:3, instance:com.crm.qa.testcases.LoginPageTest@45dd4eda]" started-at="2022-10-31T19:12:31 EDT" name="LoginTest" finished-at="2022-10-31T19:12:36 EDT" duration-ms="4807" status="PASS">
          <reporter-output>
          </reporter-output>
        </test-method> <!-- LoginTest -->
        <test-method is-config="true" signature="tearDown()[pri:0, instance:com.crm.qa.testcases.LoginPageTest@45dd4eda]" started-at="2022-10-31T19:12:36 EDT" name="tearDown" finished-at="2022-10-31T19:12:36 EDT" duration-ms="80" status="PASS">
          <reporter-output>
          </reporter-output>
        </test-method> <!-- tearDown -->
      </class> <!-- com.crm.qa.testcases.LoginPageTest -->
    </test> <!-- Surefire test -->
  </suite> <!-- Surefire suite -->
</testng-results>
