<?xml version="1.0" encoding="UTF-8"?>
<testsuite xmlns:xsi="http://www.w3.org/2001/XMLSchema-instance" xsi:noNamespaceSchemaLocation="https://maven.apache.org/surefire/maven-surefire-plugin/xsd/surefire-test-report.xsd" name="TestSuite" time="108.191" tests="11" errors="0" skipped="0" failures="0">
  <properties>
[...]
</properties>
  <testcase name="verifyContactsPageLabel" classname="com.crm.qa.testcases.ContactsPageTest" time="2.053"/>
  <testcase name="ValidateCreateNewContact" classname="com.crm.qa.testcases.ContactsPageTest" time="0.792"/>
  <testcase name="ValidateCreateNewContact" classname="com.crm.qa.testcases.ContactsPageTest" time="0.85"/>
  <testcase name="ValidateCreateNewContact" classname="com.crm.qa.testcases.ContactsPageTest" time="0.842"/>
  <testcase name="ValidateCreateNewContact" classname="com.crm.qa.testcases.ContactsPageTest" time="0.883"/>
  <testcase name="verifyHomePageTitle" classname="com.crm.qa.testcases.HomePageTest" time="3.01"/>
  <testcase name="verifyUserNameTest" classname="com.crm.qa.testcases.HomePageTest" time="3.038"/>
  <testcase name="verifyContactsLinkTest" classname="com.crm.qa.testcases.HomePageTest" time="5.1"/>
  <testcase name="crmLogoImageTest" classname="com.crm.qa.testcases.LoginPageTest" time="0.032"/>
  <testcase name="loginPageTitleTest" classname="com.crm.qa.testcases.LoginPageTest" time="4.383"/>
  <testcase name="LoginTest" classname="com.crm.qa.testcases.LoginPageTest" time="4.807"/>
</testsuite>