<?xml version="1.0" encoding="UTF-8"?>
<testng-results ignored="0" total="11" passed="11" failed="0" skipped="0">
  <reporter-output>
  </reporter-output>
  <suite started-at="2022-10-31T17:31:36 EDT" name="FREE CRM TEST AUTOMATION TEST SUITE" finished-at="2022-10-31T17:33:53 EDT" duration-ms="136689">
    <groups>
    </groups>
    <test started-at="2022-10-31T17:31:36 EDT" name="Free CRM App Test Cases" finished-at="2022-10-31T17:33:53 EDT" duration-ms="136689">
      <class name="com.crm.qa.testcases.HomePageTest">
        <test-method is-config="true" signature="setUp()[pri:0, instance:com.crm.qa.testcases.HomePageTest@771a660]" started-at="2022-10-31T17:31:57 EDT" name="setUp" finished-at="2022-10-31T17:32:05 EDT" duration-ms="8004" status="PASS">
          <reporter-output>
          </reporter-output>
        </test-method> <!-- setUp -->
        <test-method signature="verifyHomePageTitle()[pri:1, instance:com.crm.qa.testcases.HomePageTest@771a660]" started-at="2022-10-31T17:32:05 EDT" name="verifyHomePageTitle" finished-at="2022-10-31T17:32:08 EDT" duration-ms="3010" status="PASS">
          <reporter-output>
          </reporter-output>
        </test-method> <!-- verifyHomePageTitle -->
        <test-method is-config="true" signature="tearDown()[pri:0, instance:com.crm.qa.testcases.HomePageTest@771a660]" started-at="2022-10-31T17:32:08 EDT" name="tearDown" finished-at="2022-10-31T17:32:09 EDT" duration-ms="815" status="PASS">
          <reporter-output>
          </reporter-output>
        </test-method> <!-- tearDown -->
        <test-method is-config="true" signature="setUp()[pri:0, instance:com.crm.qa.testcases.HomePageTest@771a660]" started-at="2022-10-31T17:32:09 EDT" name="setUp" finished-at="2022-10-31T17:32:17 EDT" duration-ms="7811" status="PASS">
          <reporter-output>
          </reporter-output>
        </test-method> <!-- setUp -->
        <test-method signature="verifyUserNameTest()[pri:2, instance:com.crm.qa.testcases.HomePageTest@771a660]" started-at="2022-10-31T17:32:17 EDT" name="verifyUserNameTest" finished-at="2022-10-31T17:32:20 EDT" duration-ms="3048" status="PASS">
          <reporter-output>
          </reporter-output>
        </test-method> <!-- verifyUserNameTest -->
        <test-method is-config="true" signature="tearDown()[pri:0, instance:com.crm.qa.testcases.HomePageTest@771a660]" started-at="2022-10-31T17:32:20 EDT" name="tearDown" finished-at="2022-10-31T17:32:21 EDT" duration-ms="834" status="PASS">
          <reporter-output>
          </reporter-output>
        </test-method> <!-- tearDown -->
        <test-method is-config="true" signature="setUp()[pri:0, instance:com.crm.qa.testcases.HomePageTest@771a660]" started-at="2022-10-31T17:32:21 EDT" name="setUp" finished-at="2022-10-31T17:32:29 EDT" duration-ms="8234" status="PASS">
          <reporter-output>
          </reporter-output>
        </test-method> <!-- setUp -->
        <test-method signature="verifyContactsLinkTest()[pri:3, instance:com.crm.qa.testcases.HomePageTest@771a660]" started-at="2022-10-31T17:32:29 EDT" name="verifyContactsLinkTest" finished-at="2022-10-31T17:32:34 EDT" duration-ms="5264" status="PASS">
          <reporter-output>
          </reporter-output>
        </test-method> <!-- verifyContactsLinkTest -->
        <test-method is-config="true" signature="tearDown()[pri:0, instance:com.crm.qa.testcases.HomePageTest@771a660]" started-at="2022-10-31T17:32:34 EDT" name="tearDown" finished-at="2022-10-31T17:32:35 EDT" duration-ms="840" status="PASS">
          <reporter-output>
          </reporter-output>
        </test-method> <!-- tearDown -->
      </class> <!-- com.crm.qa.testcases.HomePageTest -->
      <class name="com.crm.qa.testcases.ContactsPageTest">
        <test-method is-config="true" signature="setUp()[pri:0, instance:com.crm.qa.testcases.ContactsPageTest@2d52216b]" started-at="2022-10-31T17:32:35 EDT" name="setUp" finished-at="2022-10-31T17:32:48 EDT" duration-ms="12834" status="PASS">
          <reporter-output>
          </reporter-output>
        </test-method> <!-- setUp -->
        <test-method signature="verifyContactsPageLabel()[pri:1, instance:com.crm.qa.testcases.ContactsPageTest@2d52216b]" started-at="2022-10-31T17:32:48 EDT" name="verifyContactsPageLabel" finished-at="2022-10-31T17:32:50 EDT" duration-ms="2042" status="PASS">
          <reporter-output>
          </reporter-output>
        </test-method> <!-- verifyContactsPageLabel -->
        <test-method is-config="true" signature="tearDown()[pri:0, instance:com.crm.qa.testcases.ContactsPageTest@2d52216b]" started-at="2022-10-31T17:32:50 EDT" name="tearDown" finished-at="2022-10-31T17:32:51 EDT" duration-ms="829" status="PASS">
          <reporter-output>
          </reporter-output>
        </test-method> <!-- tearDown -->
        <test-method is-config="true" signature="setUp()[pri:0, instance:com.crm.qa.testcases.ContactsPageTest@2d52216b]" started-at="2022-10-31T17:32:52 EDT" name="setUp" finished-at="2022-10-31T17:33:05 EDT" duration-ms="13089" status="PASS">
          <reporter-output>
          </reporter-output>
        </test-method> <!-- setUp -->
        <test-method signature="ValidateCreateNewContact(java.lang.String,java.lang.String)[pri:2, instance:com.crm.qa.testcases.ContactsPageTest@2d52216b]" started-at="2022-10-31T17:33:05 EDT" name="ValidateCreateNewContact" data-provider="getCRMTestData" finished-at="2022-10-31T17:33:06 EDT" duration-ms="1271" status="PASS">
          <params>
            <param index="0">
              <value>
                <![CDATA[tom]]>
              </value>
            </param>
            <param index="1">
              <value>
                <![CDATA[smith]]>
              </value>
            </param>
          </params>
          <reporter-output>
          </reporter-output>
        </test-method> <!-- ValidateCreateNewContact -->
        <test-method is-config="true" signature="tearDown()[pri:0, instance:com.crm.qa.testcases.ContactsPageTest@2d52216b]" started-at="2022-10-31T17:33:06 EDT" name="tearDown" finished-at="2022-10-31T17:33:07 EDT" duration-ms="840" status="PASS">
          <reporter-output>
          </reporter-output>
        </test-method> <!-- tearDown -->
        <test-method is-config="true" signature="setUp()[pri:0, instance:com.crm.qa.testcases.ContactsPageTest@2d52216b]" started-at="2022-10-31T17:33:07 EDT" name="setUp" finished-at="2022-10-31T17:33:20 EDT" duration-ms="13213" status="PASS">
          <reporter-output>
          </reporter-output>
        </test-method> <!-- setUp -->
        <test-method signature="ValidateCreateNewContact(java.lang.String,java.lang.String)[pri:2, instance:com.crm.qa.testcases.ContactsPageTest@2d52216b]" started-at="2022-10-31T17:33:20 EDT" name="ValidateCreateNewContact" data-provider="getCRMTestData" finished-at="2022-10-31T17:33:21 EDT" duration-ms="1290" status="PASS">
          <params>
            <param index="0">
              <value>
                <![CDATA[garry]]>
              </value>
            </param>
            <param index="1">
              <value>
                <![CDATA[hard]]>
              </value>
            </param>
          </params>
          <reporter-output>
          </reporter-output>
        </test-method> <!-- ValidateCreateNewContact -->
        <test-method is-config="true" signature="tearDown()[pri:0, instance:com.crm.qa.testcases.ContactsPageTest@2d52216b]" started-at="2022-10-31T17:33:21 EDT" name="tearDown" finished-at="2022-10-31T17:33:22 EDT" duration-ms="835" status="PASS">
          <reporter-output>
          </reporter-output>
        </test-method> <!-- tearDown -->
        <test-method is-config="true" signature="setUp()[pri:0, instance:com.crm.qa.testcases.ContactsPageTest@2d52216b]" started-at="2022-10-31T17:33:22 EDT" name="setUp" finished-at="2022-10-31T17:33:35 EDT" duration-ms="13024" status="PASS">
          <reporter-output>
          </reporter-output>
        </test-method> <!-- setUp -->
        <test-method signature="ValidateCreateNewContact(java.lang.String,java.lang.String)[pri:2, instance:com.crm.qa.testcases.ContactsPageTest@2d52216b]" started-at="2022-10-31T17:33:35 EDT" name="ValidateCreateNewContact" data-provider="getCRMTestData" finished-at="2022-10-31T17:33:37 EDT" duration-ms="1288" status="PASS">
          <params>
            <param index="0">
              <value>
                <![CDATA[david]]>
              </value>
            </param>
            <param index="1">
              <value>
                <![CDATA[reck]]>
              </value>
            </param>
          </params>
          <reporter-output>
          </reporter-output>
        </test-method> <!-- ValidateCreateNewContact -->
        <test-method is-config="true" signature="tearDown()[pri:0, instance:com.crm.qa.testcases.ContactsPageTest@2d52216b]" started-at="2022-10-31T17:33:37 EDT" name="tearDown" finished-at="2022-10-31T17:33:37 EDT" duration-ms="854" status="PASS">
          <reporter-output>
          </reporter-output>
        </test-method> <!-- tearDown -->
        <test-method is-config="true" signature="setUp()[pri:0, instance:com.crm.qa.testcases.ContactsPageTest@2d52216b]" started-at="2022-10-31T17:33:37 EDT" name="setUp" finished-at="2022-10-31T17:33:51 EDT" duration-ms="13148" status="PASS">
          <reporter-output>
          </reporter-output>
        </test-method> <!-- setUp -->
        <test-method signature="ValidateCreateNewContact(java.lang.String,java.lang.String)[pri:2, instance:com.crm.qa.testcases.ContactsPageTest@2d52216b]" started-at="2022-10-31T17:33:51 EDT" name="ValidateCreateNewContact" data-provider="getCRMTestData" finished-at="2022-10-31T17:33:52 EDT" duration-ms="1340" status="PASS">
          <params>
            <param index="0">
              <value>
                <![CDATA[carl]]>
              </value>
            </param>
            <param index="1">
              <value>
                <![CDATA[turner]]>
              </value>
            </param>
          </params>
          <reporter-output>
          </reporter-output>
        </test-method> <!-- ValidateCreateNewContact -->
        <test-method is-config="true" signature="tearDown()[pri:0, instance:com.crm.qa.testcases.ContactsPageTest@2d52216b]" started-at="2022-10-31T17:33:52 EDT" name="tearDown" finished-at="2022-10-31T17:33:53 EDT" duration-ms="888" status="PASS">
          <reporter-output>
          </reporter-output>
        </test-method> <!-- tearDown -->
      </class> <!-- com.crm.qa.testcases.ContactsPageTest -->
      <class name="com.crm.qa.testcases.LoginPageTest">
        <test-method is-config="true" signature="setUp()[pri:0, instance:com.crm.qa.testcases.LoginPageTest@316bcf94]" started-at="2022-10-31T17:31:36 EDT" name="setUp" finished-at="2022-10-31T17:31:40 EDT" duration-ms="3783" status="PASS">
          <reporter-output>
          </reporter-output>
        </test-method> <!-- setUp -->
        <test-method signature="crmLogoImageTest()[pri:1, instance:com.crm.qa.testcases.LoginPageTest@316bcf94]" started-at="2022-10-31T17:31:40 EDT" name="crmLogoImageTest" finished-at="2022-10-31T17:31:40 EDT" duration-ms="58" status="PASS">
          <reporter-output>
          </reporter-output>
        </test-method> <!-- crmLogoImageTest -->
        <test-method is-config="true" signature="tearDown()[pri:0, instance:com.crm.qa.testcases.LoginPageTest@316bcf94]" started-at="2022-10-31T17:31:40 EDT" name="tearDown" finished-at="2022-10-31T17:31:41 EDT" duration-ms="565" status="PASS">
          <reporter-output>
          </reporter-output>
        </test-method> <!-- tearDown -->
        <test-method is-config="true" signature="setUp()[pri:0, instance:com.crm.qa.testcases.LoginPageTest@316bcf94]" started-at="2022-10-31T17:31:41 EDT" name="setUp" finished-at="2022-10-31T17:31:44 EDT" duration-ms="3225" status="PASS">
          <reporter-output>
          </reporter-output>
        </test-method> <!-- setUp -->
        <test-method signature="loginPageTitleTest()[pri:2, instance:com.crm.qa.testcases.LoginPageTest@316bcf94]" started-at="2022-10-31T17:31:44 EDT" name="loginPageTitleTest" finished-at="2022-10-31T17:31:48 EDT" duration-ms="4335" status="PASS">
          <reporter-output>
          </reporter-output>
        </test-method> <!-- loginPageTitleTest -->
        <test-method is-config="true" signature="tearDown()[pri:0, instance:com.crm.qa.testcases.LoginPageTest@316bcf94]" started-at="2022-10-31T17:31:48 EDT" name="tearDown" finished-at="2022-10-31T17:31:49 EDT" duration-ms="582" status="PASS">
          <reporter-output>
          </reporter-output>
        </test-method> <!-- tearDown -->
        <test-method is-config="true" signature="setUp()[pri:0, instance:com.crm.qa.testcases.LoginPageTest@316bcf94]" started-at="2022-10-31T17:31:49 EDT" name="setUp" finished-at="2022-10-31T17:31:52 EDT" duration-ms="3260" status="PASS">
          <reporter-output>
          </reporter-output>
        </test-method> <!-- setUp -->
        <test-method signature="LoginTest()[pri:3, instance:com.crm.qa.testcases.LoginPageTest@316bcf94]" started-at="2022-10-31T17:31:52 EDT" name="LoginTest" finished-at="2022-10-31T17:31:56 EDT" duration-ms="4531" status="PASS">
          <reporter-output>
          </reporter-output>
        </test-method> <!-- LoginTest -->
        <test-method is-config="true" signature="tearDown()[pri:0, instance:com.crm.qa.testcases.LoginPageTest@316bcf94]" started-at="2022-10-31T17:31:56 EDT" name="tearDown" finished-at="2022-10-31T17:31:57 EDT" duration-ms="596" status="PASS">
          <reporter-output>
          </reporter-output>
        </test-method> <!-- tearDown -->
      </class> <!-- com.crm.qa.testcases.LoginPageTest -->
    </test> <!-- Free CRM App Test Cases -->
  </suite> <!-- FREE CRM TEST AUTOMATION TEST SUITE -->
</testng-results>
